[0.129s] DEBUG:colcon:Command line arguments: ['/usr/bin/colcon', 'build']
[0.129s] DEBUG:colcon:Parsed command line arguments: Namespace(ament_cmake_args=None, base_paths=['.'], build_base='build', catkin_cmake_args=None, catkin_skip_building_tests=False, cmake_args=None, cmake_clean_cache=False, cmake_clean_first=False, cmake_force_configure=False, cmake_target=None, cmake_target_skip_unavailable=False, continue_on_error=False, event_handlers=None, executor='parallel', ignore_user_meta=False, install_base='install', log_base=None, log_level=None, main=<bound method BuildVerb.main of <colcon_core.verb.build.BuildVerb object at 0x7f048e9c24e0>>, merge_install=False, metas=['./colcon.meta'], packages_above=None, packages_above_depth=None, packages_end=None, packages_ignore=None, packages_ignore_regex=None, packages_select=None, packages_select_build_failed=False, packages_select_by_dep=None, packages_select_regex=None, packages_select_test_failures=False, packages_skip=None, packages_skip_build_finished=False, packages_skip_by_dep=None, packages_skip_regex=None, packages_skip_test_passed=False, packages_skip_up_to=None, packages_start=None, packages_up_to=None, parallel_workers=6, paths=None, symlink_install=False, test_result_base=None, verb_extension=<colcon_core.verb.build.BuildVerb object at 0x7f048e9c24e0>, verb_name='build', verb_parser=<colcon_defaults.argument_parser.defaults.DefaultArgumentsDecorator object at 0x7f048e9c2828>)
[0.159s] Level 1:colcon.colcon_core.package_discovery:discover_packages(colcon_meta) check parameters
[0.160s] Level 1:colcon.colcon_core.package_discovery:discover_packages(recursive) check parameters
[0.160s] Level 1:colcon.colcon_core.package_discovery:discover_packages(ignore) check parameters
[0.160s] Level 1:colcon.colcon_core.package_discovery:discover_packages(path) check parameters
[0.160s] Level 1:colcon.colcon_core.package_discovery:discover_packages(colcon_meta) discover
[0.160s] Level 1:colcon.colcon_core.package_discovery:discover_packages(recursive) discover
[0.160s] INFO:colcon.colcon_core.package_discovery:Crawling recursively for packages in '/home/telescopio/ros2/src/ros2pkg_ogamesure'
[0.160s] Level 1:colcon.colcon_core.package_identification:_identify(.) by extensions ['ignore', 'ignore_ament_install']
[0.160s] Level 1:colcon.colcon_core.package_identification:_identify(.) by extension 'ignore'
[0.160s] Level 1:colcon.colcon_core.package_identification:_identify(.) by extension 'ignore_ament_install'
[0.160s] Level 1:colcon.colcon_core.package_identification:_identify(.) by extensions ['colcon_pkg']
[0.160s] Level 1:colcon.colcon_core.package_identification:_identify(.) by extension 'colcon_pkg'
[0.160s] Level 1:colcon.colcon_core.package_identification:_identify(.) by extensions ['colcon_meta']
[0.160s] Level 1:colcon.colcon_core.package_identification:_identify(.) by extension 'colcon_meta'
[0.160s] Level 1:colcon.colcon_core.package_identification:_identify(.) by extensions ['ros']
[0.160s] Level 1:colcon.colcon_core.package_identification:_identify(.) by extension 'ros'
[0.172s] DEBUG:colcon.colcon_core.package_identification:Package '.' with type 'ros.ament_python' and name 'ros2pkg_ogameasure'
[0.172s] Level 1:colcon.colcon_core.package_discovery:discover_packages(recursive) using defaults
[0.172s] Level 1:colcon.colcon_core.package_discovery:discover_packages(ignore) discover
[0.172s] Level 1:colcon.colcon_core.package_discovery:discover_packages(ignore) using defaults
[0.172s] Level 1:colcon.colcon_core.package_discovery:discover_packages(path) discover
[0.172s] Level 1:colcon.colcon_core.package_discovery:discover_packages(path) using defaults
[0.176s] Level 5:colcon.colcon_core.verb:set package 'ros2pkg_ogameasure' build argument 'cmake_args' from command line to 'None'
[0.177s] Level 5:colcon.colcon_core.verb:set package 'ros2pkg_ogameasure' build argument 'cmake_target' from command line to 'None'
[0.177s] Level 5:colcon.colcon_core.verb:set package 'ros2pkg_ogameasure' build argument 'cmake_target_skip_unavailable' from command line to 'False'
[0.177s] Level 5:colcon.colcon_core.verb:set package 'ros2pkg_ogameasure' build argument 'cmake_clean_cache' from command line to 'False'
[0.177s] Level 5:colcon.colcon_core.verb:set package 'ros2pkg_ogameasure' build argument 'cmake_clean_first' from command line to 'False'
[0.177s] Level 5:colcon.colcon_core.verb:set package 'ros2pkg_ogameasure' build argument 'cmake_force_configure' from command line to 'False'
[0.177s] Level 5:colcon.colcon_core.verb:set package 'ros2pkg_ogameasure' build argument 'ament_cmake_args' from command line to 'None'
[0.177s] Level 5:colcon.colcon_core.verb:set package 'ros2pkg_ogameasure' build argument 'catkin_cmake_args' from command line to 'None'
[0.177s] Level 5:colcon.colcon_core.verb:set package 'ros2pkg_ogameasure' build argument 'catkin_skip_building_tests' from command line to 'False'
[0.177s] DEBUG:colcon.colcon_core.verb:Building package 'ros2pkg_ogameasure' with the following arguments: {'ament_cmake_args': None, 'build_base': '/home/telescopio/ros2/src/ros2pkg_ogamesure/build/ros2pkg_ogameasure', 'catkin_cmake_args': None, 'catkin_skip_building_tests': False, 'cmake_args': None, 'cmake_clean_cache': False, 'cmake_clean_first': False, 'cmake_force_configure': False, 'cmake_target': None, 'cmake_target_skip_unavailable': False, 'install_base': '/home/telescopio/ros2/src/ros2pkg_ogamesure/install/ros2pkg_ogameasure', 'merge_install': False, 'path': '/home/telescopio/ros2/src/ros2pkg_ogamesure', 'symlink_install': False, 'test_result_base': None}
[0.177s] INFO:colcon.colcon_core.executor:Executing jobs using 'parallel' executor
[0.179s] DEBUG:colcon.colcon_parallel_executor.executor.parallel:run_until_complete
[0.179s] INFO:colcon.colcon_ros.task.ament_python.build:Building ROS package in '/home/telescopio/ros2/src/ros2pkg_ogamesure' with build type 'ament_python'
[0.179s] Level 1:colcon.colcon_core.shell:create_environment_hook('ros2pkg_ogameasure', 'ament_prefix_path')
[0.183s] INFO:colcon.colcon_core.plugin_system:Skipping extension 'colcon_core.shell.bat': Not used on non-Windows systems
[0.183s] INFO:colcon.colcon_core.shell:Creating environment hook '/home/telescopio/ros2/src/ros2pkg_ogamesure/install/ros2pkg_ogameasure/share/ros2pkg_ogameasure/hook/ament_prefix_path.ps1'
[0.183s] INFO:colcon.colcon_core.shell:Creating environment descriptor '/home/telescopio/ros2/src/ros2pkg_ogamesure/install/ros2pkg_ogameasure/share/ros2pkg_ogameasure/hook/ament_prefix_path.dsv'
[0.184s] INFO:colcon.colcon_core.shell:Creating environment hook '/home/telescopio/ros2/src/ros2pkg_ogamesure/install/ros2pkg_ogameasure/share/ros2pkg_ogameasure/hook/ament_prefix_path.sh'
[0.185s] INFO:colcon.colcon_core.shell:Skip shell extension 'powershell' for command environment: Not usable outside of PowerShell
[0.185s] DEBUG:colcon.colcon_core.shell:Skip shell extension 'dsv' for command environment
[0.187s] DEBUG:colcon.colcon_core.shell:Ignoring prefix path '/opt/ros/dashing'
[0.396s] INFO:colcon.colcon_core.task.python.build:Building Python package in '/home/telescopio/ros2/src/ros2pkg_ogamesure'
[0.397s] INFO:colcon.colcon_core.shell:Skip shell extension 'powershell' for command environment: Not usable outside of PowerShell
[0.397s] DEBUG:colcon.colcon_core.shell:Skip shell extension 'dsv' for command environment
[0.399s] DEBUG:colcon.colcon_core.shell:Ignoring prefix path '/opt/ros/dashing'
[0.403s] DEBUG:colcon.colcon_core.event_handler.log_command:Invoking command in '/home/telescopio/ros2/src/ros2pkg_ogamesure': HISTTIMEFORMAT=%Y-%m-%d %H:%M:%S PYTHONPATH=/home/telescopio/ros2/src/ros2pkg_ogamesure/install/ros2pkg_ogameasure/lib/python3.6/site-packages:${PYTHONPATH} /usr/bin/python3 setup.py egg_info --egg-base /home/telescopio/ros2/src/ros2pkg_ogamesure/build/ros2pkg_ogameasure build --build-base /home/telescopio/ros2/src/ros2pkg_ogamesure/build/ros2pkg_ogameasure/build install --prefix /home/telescopio/ros2/src/ros2pkg_ogamesure/install/ros2pkg_ogameasure --record /home/telescopio/ros2/src/ros2pkg_ogamesure/build/ros2pkg_ogameasure/install.log --single-version-externally-managed
[0.655s] DEBUG:colcon.colcon_core.event_handler.log_command:Invoked command in '/home/telescopio/ros2/src/ros2pkg_ogamesure' returned '0': HISTTIMEFORMAT=%Y-%m-%d %H:%M:%S PYTHONPATH=/home/telescopio/ros2/src/ros2pkg_ogamesure/install/ros2pkg_ogameasure/lib/python3.6/site-packages:${PYTHONPATH} /usr/bin/python3 setup.py egg_info --egg-base /home/telescopio/ros2/src/ros2pkg_ogamesure/build/ros2pkg_ogameasure build --build-base /home/telescopio/ros2/src/ros2pkg_ogamesure/build/ros2pkg_ogameasure/build install --prefix /home/telescopio/ros2/src/ros2pkg_ogamesure/install/ros2pkg_ogameasure --record /home/telescopio/ros2/src/ros2pkg_ogamesure/build/ros2pkg_ogameasure/install.log --single-version-externally-managed
[0.657s] Level 1:colcon.colcon_core.environment:checking '/home/telescopio/ros2/src/ros2pkg_ogamesure/install/ros2pkg_ogameasure' for CMake module files
[0.658s] Level 1:colcon.colcon_core.environment:checking '/home/telescopio/ros2/src/ros2pkg_ogamesure/install/ros2pkg_ogameasure' for CMake config files
[0.659s] Level 1:colcon.colcon_core.environment:checking '/home/telescopio/ros2/src/ros2pkg_ogamesure/install/ros2pkg_ogameasure/lib'
[0.659s] Level 1:colcon.colcon_core.environment:checking '/home/telescopio/ros2/src/ros2pkg_ogamesure/install/ros2pkg_ogameasure/bin'
[0.659s] Level 1:colcon.colcon_core.environment:checking '/home/telescopio/ros2/src/ros2pkg_ogamesure/install/ros2pkg_ogameasure/lib/pkgconfig/ros2pkg_ogameasure.pc'
[0.659s] Level 1:colcon.colcon_core.environment:checking '/home/telescopio/ros2/src/ros2pkg_ogamesure/install/ros2pkg_ogameasure/lib/python3.6/site-packages'
[0.659s] Level 1:colcon.colcon_core.shell:create_environment_hook('ros2pkg_ogameasure', 'pythonpath')
[0.660s] INFO:colcon.colcon_core.shell:Creating environment hook '/home/telescopio/ros2/src/ros2pkg_ogamesure/install/ros2pkg_ogameasure/share/ros2pkg_ogameasure/hook/pythonpath.ps1'
[0.660s] INFO:colcon.colcon_core.shell:Creating environment descriptor '/home/telescopio/ros2/src/ros2pkg_ogamesure/install/ros2pkg_ogameasure/share/ros2pkg_ogameasure/hook/pythonpath.dsv'
[0.660s] INFO:colcon.colcon_core.shell:Creating environment hook '/home/telescopio/ros2/src/ros2pkg_ogamesure/install/ros2pkg_ogameasure/share/ros2pkg_ogameasure/hook/pythonpath.sh'
[0.660s] Level 1:colcon.colcon_core.environment:create_environment_scripts_only(ros2pkg_ogameasure)
[0.661s] INFO:colcon.colcon_core.shell:Creating package script '/home/telescopio/ros2/src/ros2pkg_ogamesure/install/ros2pkg_ogameasure/share/ros2pkg_ogameasure/package.ps1'
[0.662s] INFO:colcon.colcon_core.shell:Creating package descriptor '/home/telescopio/ros2/src/ros2pkg_ogamesure/install/ros2pkg_ogameasure/share/ros2pkg_ogameasure/package.dsv'
[0.662s] INFO:colcon.colcon_core.shell:Creating package script '/home/telescopio/ros2/src/ros2pkg_ogamesure/install/ros2pkg_ogameasure/share/ros2pkg_ogameasure/package.sh'
[0.663s] INFO:colcon.colcon_core.shell:Creating package script '/home/telescopio/ros2/src/ros2pkg_ogamesure/install/ros2pkg_ogameasure/share/ros2pkg_ogameasure/package.bash'
[0.663s] INFO:colcon.colcon_core.shell:Creating package script '/home/telescopio/ros2/src/ros2pkg_ogamesure/install/ros2pkg_ogameasure/share/ros2pkg_ogameasure/package.zsh'
[0.664s] Level 1:colcon.colcon_core.environment:create_file_with_runtime_dependencies(/home/telescopio/ros2/src/ros2pkg_ogamesure/install/ros2pkg_ogameasure/share/colcon-core/packages/ros2pkg_ogameasure)
[0.664s] DEBUG:colcon.colcon_parallel_executor.executor.parallel:closing loop
[0.665s] DEBUG:colcon.colcon_parallel_executor.executor.parallel:loop closed
[0.665s] DEBUG:colcon.colcon_parallel_executor.executor.parallel:run_until_complete finished with '0'
[0.665s] DEBUG:colcon.colcon_core.event_reactor:joining thread
[0.670s] INFO:colcon.colcon_core.plugin_system:Skipping extension 'colcon_notification.desktop_notification.terminal_notifier': Not used on non-Darwin systems
[0.670s] INFO:colcon.colcon_core.plugin_system:Skipping extension 'colcon_notification.desktop_notification.win32': Not used on non-Windows systems
[0.670s] INFO:colcon.colcon_notification.desktop_notification:Sending desktop notification using 'notify2'
[0.747s] DEBUG:colcon.colcon_core.event_reactor:joined thread
[0.747s] INFO:colcon.colcon_core.shell:Creating prefix script '/home/telescopio/ros2/src/ros2pkg_ogamesure/install/local_setup.ps1'
[0.748s] INFO:colcon.colcon_core.shell:Creating prefix util module '/home/telescopio/ros2/src/ros2pkg_ogamesure/install/_local_setup_util_ps1.py'
[0.749s] INFO:colcon.colcon_core.shell:Creating prefix chain script '/home/telescopio/ros2/src/ros2pkg_ogamesure/install/setup.ps1'
[0.751s] INFO:colcon.colcon_core.shell:Creating prefix script '/home/telescopio/ros2/src/ros2pkg_ogamesure/install/local_setup.sh'
[0.752s] INFO:colcon.colcon_core.shell:Creating prefix util module '/home/telescopio/ros2/src/ros2pkg_ogamesure/install/_local_setup_util_sh.py'
[0.752s] INFO:colcon.colcon_core.shell:Creating prefix chain script '/home/telescopio/ros2/src/ros2pkg_ogamesure/install/setup.sh'
[0.754s] INFO:colcon.colcon_core.shell:Creating prefix script '/home/telescopio/ros2/src/ros2pkg_ogamesure/install/local_setup.bash'
[0.755s] INFO:colcon.colcon_core.shell:Creating prefix chain script '/home/telescopio/ros2/src/ros2pkg_ogamesure/install/setup.bash'
[0.756s] INFO:colcon.colcon_core.shell:Creating prefix script '/home/telescopio/ros2/src/ros2pkg_ogamesure/install/local_setup.zsh'
[0.757s] INFO:colcon.colcon_core.shell:Creating prefix chain script '/home/telescopio/ros2/src/ros2pkg_ogamesure/install/setup.zsh'
